{"C:\\Users\\ardi1\\OneDrive\\Desktop\\Project\\delos-aqua-frontend\\src\\components\\fragments\\Article\\ArticleItem.tsx": {"path":"C:\\Users\\ardi1\\OneDrive\\Desktop\\Project\\delos-aqua-frontend\\src\\components\\fragments\\Article\\ArticleItem.tsx","statementMap":{"0":{"start":{"line":1,"column":0},"end":{"line":1,"column":39}},"1":{"start":{"line":2,"column":0},"end":{"line":2,"column":40}},"2":{"start":{"line":4,"column":0},"end":{"line":4,"column":54}},"3":{"start":{"line":5,"column":0},"end":{"line":5,"column":42}},"4":{"start":{"line":6,"column":0},"end":{"line":6,"column":45}},"5":{"start":{"line":12,"column":44},"end":{"line":50,"column":1}},"6":{"start":{"line":21,"column":16},"end":{"line":23,"column":null}},"7":{"start":{"line":22,"column":10},"end":{"line":22,"column":53}},"8":{"start":{"line":25,"column":2},"end":{"line":49,"column":4}},"9":{"start":{"line":52,"column":0},"end":{"line":52,"column":27}}},"fnMap":{"0":{"name":"(anonymous_0)","decl":{"start":{"line":12,"column":44},"end":{"line":12,"column":45}},"loc":{"start":{"line":20,"column":5},"end":{"line":50,"column":1}}},"1":{"name":"(anonymous_1)","decl":{"start":{"line":22,"column":4},"end":{"line":22,"column":7}},"loc":{"start":{"line":22,"column":10},"end":{"line":22,"column":53}}}},"branchMap":{"0":{"loc":{"start":{"line":36,"column":11},"end":{"line":36,"column":50}},"type":"cond-expr","locations":[{"start":{"line":36,"column":25},"end":{"line":36,"column":31}},{"start":{"line":36,"column":34},"end":{"line":36,"column":50}}]}},"s":{"0":0,"1":0,"2":0,"3":0,"4":0,"5":0,"6":0,"7":0,"8":0,"9":0},"f":{"0":0,"1":0},"b":{"0":[0,0]}}
,"C:\\Users\\ardi1\\OneDrive\\Desktop\\Project\\delos-aqua-frontend\\src\\components\\fragments\\Article\\ArticleList.tsx": {"path":"C:\\Users\\ardi1\\OneDrive\\Desktop\\Project\\delos-aqua-frontend\\src\\components\\fragments\\Article\\ArticleList.tsx","statementMap":{"0":{"start":{"line":2,"column":0},"end":{"line":2,"column":40}},"1":{"start":{"line":4,"column":0},"end":{"line":4,"column":45}},"2":{"start":{"line":6,"column":56},"end":{"line":30,"column":1}},"3":{"start":{"line":7,"column":2},"end":{"line":9,"column":3}},"4":{"start":{"line":8,"column":4},"end":{"line":8,"column":16}},"5":{"start":{"line":11,"column":2},"end":{"line":13,"column":3}},"6":{"start":{"line":12,"column":4},"end":{"line":12,"column":40}},"7":{"start":{"line":15,"column":2},"end":{"line":29,"column":4}},"8":{"start":{"line":18,"column":8},"end":{"line":24,"column":null}},"9":{"start":{"line":32,"column":0},"end":{"line":32,"column":27}}},"fnMap":{"0":{"name":"(anonymous_0)","decl":{"start":{"line":6,"column":56},"end":{"line":6,"column":57}},"loc":{"start":{"line":6,"column":73},"end":{"line":30,"column":1}}},"1":{"name":"(anonymous_1)","decl":{"start":{"line":17,"column":20},"end":{"line":17,"column":21}},"loc":{"start":{"line":18,"column":8},"end":{"line":24,"column":null}}}},"branchMap":{"0":{"loc":{"start":{"line":7,"column":2},"end":{"line":9,"column":3}},"type":"if","locations":[{"start":{"line":7,"column":2},"end":{"line":9,"column":3}}]},"1":{"loc":{"start":{"line":11,"column":2},"end":{"line":13,"column":3}},"type":"if","locations":[{"start":{"line":11,"column":2},"end":{"line":13,"column":3}}]},"2":{"loc":{"start":{"line":22,"column":12},"end":{"line":24,"column":43}},"type":"cond-expr","locations":[{"start":{"line":23,"column":16},"end":{"line":23,"column":57}},{"start":{"line":24,"column":16},"end":{"line":24,"column":43}}]}},"s":{"0":0,"1":0,"2":0,"3":0,"4":0,"5":0,"6":0,"7":0,"8":0,"9":0},"f":{"0":0,"1":0},"b":{"0":[0],"1":[0],"2":[0,0]}}
,"C:\\Users\\ardi1\\OneDrive\\Desktop\\Project\\delos-aqua-frontend\\src\\components\\fragments\\Article\\FilterArticle.tsx": {"path":"C:\\Users\\ardi1\\OneDrive\\Desktop\\Project\\delos-aqua-frontend\\src\\components\\fragments\\Article\\FilterArticle.tsx","statementMap":{"0":{"start":{"line":1,"column":0},"end":{"line":1,"column":76}},"1":{"start":{"line":2,"column":0},"end":{"line":2,"column":44}},"2":{"start":{"line":3,"column":0},"end":{"line":3,"column":51}},"3":{"start":{"line":4,"column":0},"end":{"line":4,"column":58}},"4":{"start":{"line":5,"column":0},"end":{"line":5,"column":48}},"5":{"start":{"line":6,"column":0},"end":{"line":6,"column":49}},"6":{"start":{"line":8,"column":0},"end":{"line":8,"column":38}},"7":{"start":{"line":10,"column":0},"end":{"line":10,"column":47}},"8":{"start":{"line":12,"column":31},"end":{"line":12,"column":69}},"9":{"start":{"line":14,"column":32},"end":{"line":73,"column":1}},"10":{"start":{"line":15,"column":41},"end":{"line":15,"column":67}},"11":{"start":{"line":16,"column":42},"end":{"line":18,"column":4}},"12":{"start":{"line":19,"column":28},"end":{"line":19,"column":48}},"13":{"start":{"line":20,"column":22},"end":{"line":20,"column":50}},"14":{"start":{"line":21,"column":17},"end":{"line":21,"column":43}},"15":{"start":{"line":23,"column":26},"end":{"line":27,"column":null}},"16":{"start":{"line":25,"column":6},"end":{"line":25,"column":50}},"17":{"start":{"line":30,"column":2},"end":{"line":55,"column":43}},"18":{"start":{"line":31,"column":4},"end":{"line":54,"column":9}},"19":{"start":{"line":32,"column":6},"end":{"line":32,"column":26}},"20":{"start":{"line":33,"column":6},"end":{"line":53,"column":7}},"21":{"start":{"line":34,"column":35},"end":{"line":34,"column":37}},"22":{"start":{"line":35,"column":8},"end":{"line":41,"column":9}},"23":{"start":{"line":36,"column":27},"end":{"line":36,"column":70}},"24":{"start":{"line":37,"column":10},"end":{"line":39,"column":11}},"25":{"start":{"line":38,"column":12},"end":{"line":38,"column":44}},"26":{"start":{"line":40,"column":10},"end":{"line":40,"column":35}},"27":{"start":{"line":43,"column":8},"end":{"line":45,"column":9}},"28":{"start":{"line":44,"column":10},"end":{"line":44,"column":76}},"29":{"start":{"line":47,"column":8},"end":{"line":47,"column":30}},"30":{"start":{"line":48,"column":8},"end":{"line":48,"column":43}},"31":{"start":{"line":50,"column":8},"end":{"line":50,"column":41}},"32":{"start":{"line":52,"column":8},"end":{"line":52,"column":29}},"33":{"start":{"line":57,"column":2},"end":{"line":72,"column":4}},"34":{"start":{"line":61,"column":10},"end":{"line":64,"column":null}},"35":{"start":{"line":63,"column":27},"end":{"line":63,"column":50}},"36":{"start":{"line":75,"column":0},"end":{"line":75,"column":29}}},"fnMap":{"0":{"name":"(anonymous_0)","decl":{"start":{"line":14,"column":32},"end":{"line":14,"column":35}},"loc":{"start":{"line":14,"column":37},"end":{"line":73,"column":1}}},"1":{"name":"(anonymous_1)","decl":{"start":{"line":24,"column":4},"end":{"line":24,"column":5}},"loc":{"start":{"line":24,"column":23},"end":{"line":26,"column":5}}},"2":{"name":"(anonymous_2)","decl":{"start":{"line":30,"column":12},"end":{"line":30,"column":15}},"loc":{"start":{"line":30,"column":17},"end":{"line":55,"column":3}}},"3":{"name":"(anonymous_3)","decl":{"start":{"line":31,"column":5},"end":{"line":31,"column":10}},"loc":{"start":{"line":31,"column":16},"end":{"line":54,"column":5}}},"4":{"name":"(anonymous_4)","decl":{"start":{"line":60,"column":26},"end":{"line":60,"column":27}},"loc":{"start":{"line":61,"column":10},"end":{"line":64,"column":null}}},"5":{"name":"(anonymous_5)","decl":{"start":{"line":63,"column":21},"end":{"line":63,"column":24}},"loc":{"start":{"line":63,"column":27},"end":{"line":63,"column":50}}}},"branchMap":{"0":{"loc":{"start":{"line":35,"column":8},"end":{"line":41,"column":9}},"type":"if","locations":[{"start":{"line":35,"column":8},"end":{"line":41,"column":9}}]},"1":{"loc":{"start":{"line":35,"column":12},"end":{"line":35,"column":48}},"type":"binary-expr","locations":[{"start":{"line":35,"column":12},"end":{"line":35,"column":18}},{"start":{"line":35,"column":22},"end":{"line":35,"column":48}}]},"2":{"loc":{"start":{"line":37,"column":10},"end":{"line":39,"column":11}},"type":"if","locations":[{"start":{"line":37,"column":10},"end":{"line":39,"column":11}}]},"3":{"loc":{"start":{"line":43,"column":8},"end":{"line":45,"column":9}},"type":"if","locations":[{"start":{"line":43,"column":8},"end":{"line":45,"column":9}}]},"4":{"loc":{"start":{"line":62,"column":23},"end":{"line":62,"column":76}},"type":"cond-expr","locations":[{"start":{"line":62,"column":63},"end":{"line":62,"column":71}},{"start":{"line":62,"column":74},"end":{"line":62,"column":76}}]},"5":{"loc":{"start":{"line":70,"column":7},"end":{"line":70,"column":30}},"type":"binary-expr","locations":[{"start":{"line":70,"column":7},"end":{"line":70,"column":12}},{"start":{"line":70,"column":16},"end":{"line":70,"column":30}}]}},"s":{"0":1,"1":1,"2":1,"3":1,"4":1,"5":1,"6":1,"7":1,"8":1,"9":1,"10":4,"11":4,"12":4,"13":4,"14":4,"15":4,"16":1,"17":4,"18":3,"19":3,"20":3,"21":3,"22":3,"23":1,"24":0,"25":0,"26":0,"27":2,"28":2,"29":2,"30":2,"31":1,"32":3,"33":4,"34":16,"35":1,"36":1},"f":{"0":4,"1":1,"2":3,"3":3,"4":16,"5":1},"b":{"0":[1],"1":[3,3],"2":[0],"3":[2],"4":[4,12],"5":[4,1]}}
,"C:\\Users\\ardi1\\OneDrive\\Desktop\\Project\\delos-aqua-frontend\\src\\components\\fragments\\Article\\index.tsx": {"path":"C:\\Users\\ardi1\\OneDrive\\Desktop\\Project\\delos-aqua-frontend\\src\\components\\fragments\\Article\\index.tsx","statementMap":{"0":{"start":{"line":1,"column":0},"end":{"line":1,"column":76}},"1":{"start":{"line":2,"column":0},"end":{"line":2,"column":61}},"2":{"start":{"line":3,"column":0},"end":{"line":3,"column":51}},"3":{"start":{"line":4,"column":0},"end":{"line":4,"column":44}},"4":{"start":{"line":5,"column":0},"end":{"line":5,"column":40}},"5":{"start":{"line":6,"column":0},"end":{"line":6,"column":48}},"6":{"start":{"line":8,"column":0},"end":{"line":8,"column":56}},"7":{"start":{"line":9,"column":0},"end":{"line":9,"column":41}},"8":{"start":{"line":11,"column":34},"end":{"line":12,"column":null}},"9":{"start":{"line":15,"column":26},"end":{"line":79,"column":1}},"10":{"start":{"line":16,"column":53},"end":{"line":16,"column":79}},"11":{"start":{"line":17,"column":25},"end":{"line":17,"column":42}},"12":{"start":{"line":18,"column":28},"end":{"line":18,"column":52}},"13":{"start":{"line":19,"column":32},"end":{"line":19,"column":55}},"14":{"start":{"line":20,"column":30},"end":{"line":20,"column":49}},"15":{"start":{"line":21,"column":17},"end":{"line":21,"column":49}},"16":{"start":{"line":23,"column":2},"end":{"line":28,"column":25}},"17":{"start":{"line":24,"column":4},"end":{"line":27,"column":5}},"18":{"start":{"line":25,"column":21},"end":{"line":25,"column":43}},"19":{"start":{"line":26,"column":6},"end":{"line":26,"column":23}},"20":{"start":{"line":30,"column":2},"end":{"line":33,"column":25}},"21":{"start":{"line":31,"column":4},"end":{"line":31,"column":50}},"22":{"start":{"line":32,"column":4},"end":{"line":32,"column":17}},"23":{"start":{"line":35,"column":2},"end":{"line":47,"column":25}},"24":{"start":{"line":36,"column":4},"end":{"line":46,"column":5}},"25":{"start":{"line":37,"column":22},"end":{"line":44,"column":13}},"26":{"start":{"line":38,"column":31},"end":{"line":38,"column":44}},"27":{"start":{"line":39,"column":8},"end":{"line":41,"column":11}},"28":{"start":{"line":40,"column":10},"end":{"line":40,"column":54}},"29":{"start":{"line":43,"column":8},"end":{"line":43,"column":35}},"30":{"start":{"line":45,"column":6},"end":{"line":45,"column":41}},"31":{"start":{"line":45,"column":19},"end":{"line":45,"column":40}},"32":{"start":{"line":49,"column":23},"end":{"line":56,"column":22}},"33":{"start":{"line":50,"column":4},"end":{"line":55,"column":5}},"34":{"start":{"line":51,"column":21},"end":{"line":51,"column":56}},"35":{"start":{"line":52,"column":6},"end":{"line":52,"column":63}},"36":{"start":{"line":53,"column":6},"end":{"line":53,"column":47}},"37":{"start":{"line":53,"column":25},"end":{"line":53,"column":45}},"38":{"start":{"line":54,"column":6},"end":{"line":54,"column":36}},"39":{"start":{"line":54,"column":26},"end":{"line":54,"column":34}},"40":{"start":{"line":58,"column":2},"end":{"line":78,"column":4}},"41":{"start":{"line":81,"column":0},"end":{"line":81,"column":23}}},"fnMap":{"0":{"name":"(anonymous_0)","decl":{"start":{"line":15,"column":26},"end":{"line":15,"column":29}},"loc":{"start":{"line":15,"column":31},"end":{"line":79,"column":1}}},"1":{"name":"(anonymous_1)","decl":{"start":{"line":23,"column":12},"end":{"line":23,"column":15}},"loc":{"start":{"line":23,"column":17},"end":{"line":28,"column":3}}},"2":{"name":"(anonymous_2)","decl":{"start":{"line":30,"column":12},"end":{"line":30,"column":15}},"loc":{"start":{"line":30,"column":17},"end":{"line":33,"column":3}}},"3":{"name":"(anonymous_3)","decl":{"start":{"line":35,"column":12},"end":{"line":35,"column":15}},"loc":{"start":{"line":35,"column":17},"end":{"line":47,"column":3}}},"4":{"name":"(anonymous_4)","decl":{"start":{"line":37,"column":33},"end":{"line":37,"column":36}},"loc":{"start":{"line":37,"column":38},"end":{"line":44,"column":7}}},"5":{"name":"(anonymous_5)","decl":{"start":{"line":39,"column":51},"end":{"line":39,"column":52}},"loc":{"start":{"line":39,"column":65},"end":{"line":41,"column":9}}},"6":{"name":"(anonymous_6)","decl":{"start":{"line":45,"column":13},"end":{"line":45,"column":16}},"loc":{"start":{"line":45,"column":19},"end":{"line":45,"column":40}}},"7":{"name":"(anonymous_7)","decl":{"start":{"line":49,"column":35},"end":{"line":49,"column":38}},"loc":{"start":{"line":49,"column":40},"end":{"line":56,"column":3}}},"8":{"name":"(anonymous_8)","decl":{"start":{"line":53,"column":15},"end":{"line":53,"column":16}},"loc":{"start":{"line":53,"column":25},"end":{"line":53,"column":45}}},"9":{"name":"(anonymous_9)","decl":{"start":{"line":54,"column":16},"end":{"line":54,"column":17}},"loc":{"start":{"line":54,"column":26},"end":{"line":54,"column":34}}}},"branchMap":{"0":{"loc":{"start":{"line":21,"column":17},"end":{"line":21,"column":49}},"type":"binary-expr","locations":[{"start":{"line":21,"column":17},"end":{"line":21,"column":43}},{"start":{"line":21,"column":47},"end":{"line":21,"column":49}}]},"1":{"loc":{"start":{"line":24,"column":4},"end":{"line":27,"column":5}},"type":"if","locations":[{"start":{"line":24,"column":4},"end":{"line":27,"column":5}}]},"2":{"loc":{"start":{"line":31,"column":4},"end":{"line":31,"column":49}},"type":"cond-expr","locations":[{"start":{"line":31,"column":13},"end":{"line":31,"column":30}},{"start":{"line":31,"column":33},"end":{"line":31,"column":49}}]},"3":{"loc":{"start":{"line":36,"column":4},"end":{"line":46,"column":5}},"type":"if","locations":[{"start":{"line":36,"column":4},"end":{"line":46,"column":5}}]},"4":{"loc":{"start":{"line":50,"column":4},"end":{"line":55,"column":5}},"type":"if","locations":[{"start":{"line":50,"column":4},"end":{"line":55,"column":5}}]},"5":{"loc":{"start":{"line":52,"column":6},"end":{"line":52,"column":62}},"type":"cond-expr","locations":[{"start":{"line":52,"column":26},"end":{"line":52,"column":42}},{"start":{"line":52,"column":45},"end":{"line":52,"column":62}}]},"6":{"loc":{"start":{"line":70,"column":9},"end":{"line":70,"column":36}},"type":"binary-expr","locations":[{"start":{"line":70,"column":9},"end":{"line":70,"column":14}},{"start":{"line":70,"column":18},"end":{"line":70,"column":36}}]},"7":{"loc":{"start":{"line":71,"column":9},"end":{"line":74,"column":null}},"type":"cond-expr","locations":[{"start":{"line":72,"column":10},"end":{"line":72,"column":31}},{"start":{"line":74,"column":10},"end":{"line":74,"column":42}}]},"8":{"loc":{"start":{"line":71,"column":9},"end":{"line":71,"column":32}},"type":"binary-expr","locations":[{"start":{"line":71,"column":9},"end":{"line":71,"column":18}},{"start":{"line":71,"column":22},"end":{"line":71,"column":32}}]}},"s":{"0":0,"1":0,"2":0,"3":0,"4":0,"5":0,"6":0,"7":0,"8":0,"9":0,"10":0,"11":0,"12":0,"13":0,"14":0,"15":0,"16":0,"17":0,"18":0,"19":0,"20":0,"21":0,"22":0,"23":0,"24":0,"25":0,"26":0,"27":0,"28":0,"29":0,"30":0,"31":0,"32":0,"33":0,"34":0,"35":0,"36":0,"37":0,"38":0,"39":0,"40":0,"41":0},"f":{"0":0,"1":0,"2":0,"3":0,"4":0,"5":0,"6":0,"7":0,"8":0,"9":0},"b":{"0":[0,0],"1":[0],"2":[0,0],"3":[0],"4":[0],"5":[0,0],"6":[0,0],"7":[0,0],"8":[0,0]}}
,"C:\\Users\\ardi1\\OneDrive\\Desktop\\Project\\delos-aqua-frontend\\src\\components\\fragments\\Article\\styles\\article.ts": {"path":"C:\\Users\\ardi1\\OneDrive\\Desktop\\Project\\delos-aqua-frontend\\src\\components\\fragments\\Article\\styles\\article.ts","statementMap":{"0":{"start":{"line":1,"column":0},"end":{"line":1,"column":39}},"1":{"start":{"line":2,"column":0},"end":{"line":2,"column":36}},"2":{"start":{"line":4,"column":13},"end":{"line":6,"column":2}},"3":{"start":{"line":8,"column":13},"end":{"line":17,"column":2}}},"fnMap":{},"branchMap":{},"s":{"0":1,"1":1,"2":1,"3":1},"f":{},"b":{}}
,"C:\\Users\\ardi1\\OneDrive\\Desktop\\Project\\delos-aqua-frontend\\src\\components\\fragments\\Article\\styles\\articleItem.ts": {"path":"C:\\Users\\ardi1\\OneDrive\\Desktop\\Project\\delos-aqua-frontend\\src\\components\\fragments\\Article\\styles\\articleItem.ts","statementMap":{"0":{"start":{"line":1,"column":0},"end":{"line":1,"column":39}},"1":{"start":{"line":2,"column":0},"end":{"line":2,"column":53}},"2":{"start":{"line":3,"column":0},"end":{"line":3,"column":40}},"3":{"start":{"line":5,"column":13},"end":{"line":27,"column":2}},"4":{"start":{"line":29,"column":13},"end":{"line":31,"column":2}},"5":{"start":{"line":33,"column":13},"end":{"line":52,"column":2}},"6":{"start":{"line":54,"column":13},"end":{"line":78,"column":2}},"7":{"start":{"line":80,"column":13},"end":{"line":90,"column":2}},"8":{"start":{"line":92,"column":13},"end":{"line":96,"column":2}},"9":{"start":{"line":98,"column":13},"end":{"line":125,"column":2}}},"fnMap":{},"branchMap":{},"s":{"0":1,"1":1,"2":1,"3":1,"4":1,"5":1,"6":1,"7":1,"8":1,"9":1},"f":{},"b":{}}
,"C:\\Users\\ardi1\\OneDrive\\Desktop\\Project\\delos-aqua-frontend\\src\\components\\fragments\\Article\\styles\\articleList.ts": {"path":"C:\\Users\\ardi1\\OneDrive\\Desktop\\Project\\delos-aqua-frontend\\src\\components\\fragments\\Article\\styles\\articleList.ts","statementMap":{"0":{"start":{"line":1,"column":0},"end":{"line":1,"column":39}},"1":{"start":{"line":2,"column":0},"end":{"line":2,"column":36}},"2":{"start":{"line":4,"column":13},"end":{"line":13,"column":2}}},"fnMap":{},"branchMap":{},"s":{"0":1,"1":1,"2":1},"f":{},"b":{}}
,"C:\\Users\\ardi1\\OneDrive\\Desktop\\Project\\delos-aqua-frontend\\src\\components\\fragments\\Article\\styles\\filterArticle.ts": {"path":"C:\\Users\\ardi1\\OneDrive\\Desktop\\Project\\delos-aqua-frontend\\src\\components\\fragments\\Article\\styles\\filterArticle.ts","statementMap":{"0":{"start":{"line":1,"column":0},"end":{"line":1,"column":39}},"1":{"start":{"line":2,"column":0},"end":{"line":2,"column":36}},"2":{"start":{"line":4,"column":13},"end":{"line":13,"column":2}}},"fnMap":{},"branchMap":{},"s":{"0":1,"1":1,"2":1},"f":{},"b":{}}
,"C:\\Users\\ardi1\\OneDrive\\Desktop\\Project\\delos-aqua-frontend\\src\\components\\fragments\\Article\\styles\\index.ts": {"path":"C:\\Users\\ardi1\\OneDrive\\Desktop\\Project\\delos-aqua-frontend\\src\\components\\fragments\\Article\\styles\\index.ts","statementMap":{"0":{"start":{"line":1,"column":0},"end":{"line":1,"column":9}},"1":{"start":{"line":7,"column":2},"end":{"line":1,"column":50}},"2":{"start":{"line":2,"column":0},"end":{"line":2,"column":9}},"3":{"start":{"line":9,"column":2},"end":{"line":2,"column":54}},"4":{"start":{"line":3,"column":0},"end":{"line":3,"column":51}},"5":{"start":{"line":8,"column":2},"end":{"line":8,"column":19}},"6":{"start":{"line":4,"column":0},"end":{"line":4,"column":43}},"7":{"start":{"line":10,"column":2},"end":{"line":10,"column":15}}},"fnMap":{"0":{"name":"(anonymous_0)","decl":{"start":{"line":7,"column":2},"end":{"line":7,"column":19}},"loc":{"start":{"line":7,"column":2},"end":{"line":1,"column":50}}},"1":{"name":"(anonymous_1)","decl":{"start":{"line":9,"column":2},"end":{"line":9,"column":21}},"loc":{"start":{"line":9,"column":2},"end":{"line":2,"column":54}}}},"branchMap":{},"s":{"0":1,"1":1,"2":1,"3":5,"4":1,"5":1,"6":1,"7":1},"f":{"0":0,"1":4},"b":{}}
,"C:\\Users\\ardi1\\OneDrive\\Desktop\\Project\\delos-aqua-frontend\\src\\components\\fragments\\DetailArticle\\ButtonBuyArticle.tsx": {"path":"C:\\Users\\ardi1\\OneDrive\\Desktop\\Project\\delos-aqua-frontend\\src\\components\\fragments\\DetailArticle\\ButtonBuyArticle.tsx","statementMap":{"0":{"start":{"line":1,"column":0},"end":{"line":1,"column":42}},"1":{"start":{"line":2,"column":0},"end":{"line":2,"column":42}},"2":{"start":{"line":3,"column":0},"end":{"line":3,"column":38}},"3":{"start":{"line":5,"column":0},"end":{"line":5,"column":43}},"4":{"start":{"line":13,"column":54},"end":{"line":60,"column":1}},"5":{"start":{"line":14,"column":38},"end":{"line":14,"column":61}},"6":{"start":{"line":15,"column":28},"end":{"line":15,"column":79}},"7":{"start":{"line":15,"column":64},"end":{"line":15,"column":78}},"8":{"start":{"line":17,"column":30},"end":{"line":40,"column":3}},"9":{"start":{"line":18,"column":37},"end":{"line":20,"column":12}},"10":{"start":{"line":19,"column":16},"end":{"line":19,"column":36}},"11":{"start":{"line":21,"column":4},"end":{"line":24,"column":5}},"12":{"start":{"line":22,"column":6},"end":{"line":22,"column":47}},"13":{"start":{"line":23,"column":6},"end":{"line":23,"column":13}},"14":{"start":{"line":25,"column":4},"end":{"line":37,"column":5}},"15":{"start":{"line":26,"column":37},"end":{"line":26,"column":71}},"16":{"start":{"line":27,"column":6},"end":{"line":27,"column":41}},"17":{"start":{"line":29,"column":6},"end":{"line":33,"column":10}},"18":{"start":{"line":29,"column":30},"end":{"line":33,"column":8}},"19":{"start":{"line":35,"column":6},"end":{"line":35,"column":79}},"20":{"start":{"line":36,"column":6},"end":{"line":36,"column":13}},"21":{"start":{"line":39,"column":4},"end":{"line":39,"column":30}},"22":{"start":{"line":41,"column":2},"end":{"line":59,"column":4}},"23":{"start":{"line":53,"column":25},"end":{"line":53,"column":48}},"24":{"start":{"line":62,"column":0},"end":{"line":62,"column":32}}},"fnMap":{"0":{"name":"(anonymous_0)","decl":{"start":{"line":13,"column":54},"end":{"line":13,"column":55}},"loc":{"start":{"line":13,"column":77},"end":{"line":60,"column":1}}},"1":{"name":"(anonymous_1)","decl":{"start":{"line":15,"column":54},"end":{"line":15,"column":55}},"loc":{"start":{"line":15,"column":64},"end":{"line":15,"column":78}}},"2":{"name":"(anonymous_2)","decl":{"start":{"line":17,"column":30},"end":{"line":17,"column":31}},"loc":{"start":{"line":17,"column":45},"end":{"line":40,"column":3}}},"3":{"name":"(anonymous_3)","decl":{"start":{"line":19,"column":6},"end":{"line":19,"column":7}},"loc":{"start":{"line":19,"column":16},"end":{"line":19,"column":36}}},"4":{"name":"(anonymous_4)","decl":{"start":{"line":29,"column":19},"end":{"line":29,"column":20}},"loc":{"start":{"line":29,"column":30},"end":{"line":33,"column":8}}},"5":{"name":"(anonymous_5)","decl":{"start":{"line":53,"column":19},"end":{"line":53,"column":22}},"loc":{"start":{"line":53,"column":25},"end":{"line":53,"column":48}}}},"branchMap":{"0":{"loc":{"start":{"line":21,"column":4},"end":{"line":24,"column":5}},"type":"if","locations":[{"start":{"line":21,"column":4},"end":{"line":24,"column":5}}]},"1":{"loc":{"start":{"line":21,"column":8},"end":{"line":21,"column":53}},"type":"binary-expr","locations":[{"start":{"line":21,"column":8},"end":{"line":21,"column":19}},{"start":{"line":21,"column":23},"end":{"line":21,"column":53}}]},"2":{"loc":{"start":{"line":25,"column":4},"end":{"line":37,"column":5}},"type":"if","locations":[{"start":{"line":25,"column":4},"end":{"line":37,"column":5}}]},"3":{"loc":{"start":{"line":43,"column":7},"end":{"line":56,"column":null}},"type":"cond-expr","locations":[{"start":{"line":44,"column":8},"end":{"line":47,"column":null}},{"start":{"line":52,"column":8},"end":{"line":53,"column":null}}]}},"s":{"0":0,"1":0,"2":0,"3":0,"4":0,"5":0,"6":0,"7":0,"8":0,"9":0,"10":0,"11":0,"12":0,"13":0,"14":0,"15":0,"16":0,"17":0,"18":0,"19":0,"20":0,"21":0,"22":0,"23":0,"24":0},"f":{"0":0,"1":0,"2":0,"3":0,"4":0,"5":0},"b":{"0":[0],"1":[0,0],"2":[0],"3":[0,0]}}
,"C:\\Users\\ardi1\\OneDrive\\Desktop\\Project\\delos-aqua-frontend\\src\\components\\fragments\\DetailArticle\\index.tsx": {"path":"C:\\Users\\ardi1\\OneDrive\\Desktop\\Project\\delos-aqua-frontend\\src\\components\\fragments\\DetailArticle\\index.tsx","statementMap":{"0":{"start":{"line":1,"column":0},"end":{"line":1,"column":39}},"1":{"start":{"line":3,"column":0},"end":{"line":3,"column":54}},"2":{"start":{"line":4,"column":0},"end":{"line":4,"column":50}},"3":{"start":{"line":5,"column":0},"end":{"line":5,"column":47}},"4":{"start":{"line":9,"column":48},"end":{"line":62,"column":1}},"5":{"start":{"line":19,"column":16},"end":{"line":21,"column":null}},"6":{"start":{"line":20,"column":10},"end":{"line":20,"column":53}},"7":{"start":{"line":24,"column":2},"end":{"line":61,"column":4}},"8":{"start":{"line":64,"column":0},"end":{"line":64,"column":29}}},"fnMap":{"0":{"name":"(anonymous_0)","decl":{"start":{"line":9,"column":48},"end":{"line":9,"column":49}},"loc":{"start":{"line":18,"column":5},"end":{"line":62,"column":1}}},"1":{"name":"(anonymous_1)","decl":{"start":{"line":20,"column":4},"end":{"line":20,"column":7}},"loc":{"start":{"line":20,"column":10},"end":{"line":20,"column":53}}}},"branchMap":{"0":{"loc":{"start":{"line":37,"column":12},"end":{"line":39,"column":43}},"type":"cond-expr","locations":[{"start":{"line":38,"column":16},"end":{"line":38,"column":49}},{"start":{"line":39,"column":16},"end":{"line":39,"column":43}}]},"1":{"loc":{"start":{"line":52,"column":35},"end":{"line":52,"column":74}},"type":"cond-expr","locations":[{"start":{"line":52,"column":49},"end":{"line":52,"column":55}},{"start":{"line":52,"column":58},"end":{"line":52,"column":74}}]}},"s":{"0":0,"1":0,"2":0,"3":0,"4":0,"5":0,"6":0,"7":0,"8":0},"f":{"0":0,"1":0},"b":{"0":[0,0],"1":[0,0]}}
,"C:\\Users\\ardi1\\OneDrive\\Desktop\\Project\\delos-aqua-frontend\\src\\components\\fragments\\DetailArticle\\styles\\buttonBuyArticle.ts": {"path":"C:\\Users\\ardi1\\OneDrive\\Desktop\\Project\\delos-aqua-frontend\\src\\components\\fragments\\DetailArticle\\styles\\buttonBuyArticle.ts","statementMap":{"0":{"start":{"line":1,"column":0},"end":{"line":1,"column":39}},"1":{"start":{"line":2,"column":0},"end":{"line":2,"column":44}},"2":{"start":{"line":3,"column":0},"end":{"line":3,"column":44}},"3":{"start":{"line":4,"column":0},"end":{"line":4,"column":40}},"4":{"start":{"line":6,"column":13},"end":{"line":16,"column":2}},"5":{"start":{"line":18,"column":13},"end":{"line":29,"column":2}}},"fnMap":{},"branchMap":{},"s":{"0":0,"1":0,"2":0,"3":0,"4":0,"5":0},"f":{},"b":{}}
,"C:\\Users\\ardi1\\OneDrive\\Desktop\\Project\\delos-aqua-frontend\\src\\components\\fragments\\DetailArticle\\styles\\detailArticle.ts": {"path":"C:\\Users\\ardi1\\OneDrive\\Desktop\\Project\\delos-aqua-frontend\\src\\components\\fragments\\DetailArticle\\styles\\detailArticle.ts","statementMap":{"0":{"start":{"line":1,"column":0},"end":{"line":1,"column":39}},"1":{"start":{"line":2,"column":0},"end":{"line":2,"column":50}},"2":{"start":{"line":3,"column":0},"end":{"line":3,"column":53}},"3":{"start":{"line":4,"column":0},"end":{"line":4,"column":42}},"4":{"start":{"line":6,"column":13},"end":{"line":15,"column":2}},"5":{"start":{"line":17,"column":13},"end":{"line":28,"column":2}},"6":{"start":{"line":30,"column":13},"end":{"line":32,"column":2}},"7":{"start":{"line":33,"column":13},"end":{"line":42,"column":2}},"8":{"start":{"line":44,"column":13},"end":{"line":51,"column":2}},"9":{"start":{"line":53,"column":13},"end":{"line":56,"column":2}},"10":{"start":{"line":58,"column":13},"end":{"line":63,"column":2}},"11":{"start":{"line":65,"column":13},"end":{"line":86,"column":2}},"12":{"start":{"line":88,"column":13},"end":{"line":91,"column":2}}},"fnMap":{},"branchMap":{},"s":{"0":0,"1":0,"2":0,"3":0,"4":0,"5":0,"6":0,"7":0,"8":0,"9":0,"10":0,"11":0,"12":0},"f":{},"b":{}}
,"C:\\Users\\ardi1\\OneDrive\\Desktop\\Project\\delos-aqua-frontend\\src\\components\\fragments\\DetailArticle\\styles\\index.ts": {"path":"C:\\Users\\ardi1\\OneDrive\\Desktop\\Project\\delos-aqua-frontend\\src\\components\\fragments\\DetailArticle\\styles\\index.ts","statementMap":{"0":{"start":{"line":1,"column":0},"end":{"line":1,"column":54}},"1":{"start":{"line":4,"column":9},"end":{"line":4,"column":24}},"2":{"start":{"line":2,"column":0},"end":{"line":2,"column":55}},"3":{"start":{"line":4,"column":26},"end":{"line":4,"column":45}}},"fnMap":{},"branchMap":{},"s":{"0":0,"1":0,"2":0,"3":0},"f":{},"b":{}}
,"C:\\Users\\ardi1\\OneDrive\\Desktop\\Project\\delos-aqua-frontend\\src\\components\\fragments\\Hero\\HeroTitle.tsx": {"path":"C:\\Users\\ardi1\\OneDrive\\Desktop\\Project\\delos-aqua-frontend\\src\\components\\fragments\\Hero\\HeroTitle.tsx","statementMap":{"0":{"start":{"line":2,"column":0},"end":{"line":2,"column":43}},"1":{"start":{"line":4,"column":28},"end":{"line":10,"column":1}},"2":{"start":{"line":5,"column":2},"end":{"line":9,"column":4}},"3":{"start":{"line":12,"column":0},"end":{"line":12,"column":25}}},"fnMap":{"0":{"name":"(anonymous_0)","decl":{"start":{"line":4,"column":28},"end":{"line":4,"column":31}},"loc":{"start":{"line":4,"column":33},"end":{"line":10,"column":1}}}},"branchMap":{},"s":{"0":0,"1":0,"2":0,"3":0},"f":{"0":0},"b":{}}
,"C:\\Users\\ardi1\\OneDrive\\Desktop\\Project\\delos-aqua-frontend\\src\\components\\fragments\\Hero\\SearchArticle.tsx": {"path":"C:\\Users\\ardi1\\OneDrive\\Desktop\\Project\\delos-aqua-frontend\\src\\components\\fragments\\Hero\\SearchArticle.tsx","statementMap":{"0":{"start":{"line":1,"column":0},"end":{"line":1,"column":43}},"1":{"start":{"line":2,"column":0},"end":{"line":2,"column":56}},"2":{"start":{"line":3,"column":0},"end":{"line":3,"column":51}},"3":{"start":{"line":4,"column":0},"end":{"line":4,"column":42}},"4":{"start":{"line":5,"column":0},"end":{"line":5,"column":41}},"5":{"start":{"line":6,"column":0},"end":{"line":6,"column":47}},"6":{"start":{"line":8,"column":32},"end":{"line":29,"column":1}},"7":{"start":{"line":9,"column":42},"end":{"line":9,"column":59}},"8":{"start":{"line":10,"column":22},"end":{"line":10,"column":50}},"9":{"start":{"line":12,"column":25},"end":{"line":16,"column":null}},"10":{"start":{"line":14,"column":6},"end":{"line":14,"column":66}},"11":{"start":{"line":19,"column":2},"end":{"line":28,"column":4}},"12":{"start":{"line":31,"column":0},"end":{"line":31,"column":29}}},"fnMap":{"0":{"name":"(anonymous_0)","decl":{"start":{"line":8,"column":32},"end":{"line":8,"column":35}},"loc":{"start":{"line":8,"column":37},"end":{"line":29,"column":1}}},"1":{"name":"(anonymous_1)","decl":{"start":{"line":13,"column":4},"end":{"line":13,"column":5}},"loc":{"start":{"line":13,"column":47},"end":{"line":15,"column":5}}}},"branchMap":{"0":{"loc":{"start":{"line":23,"column":15},"end":{"line":23,"column":47}},"type":"binary-expr","locations":[{"start":{"line":23,"column":15},"end":{"line":23,"column":41}},{"start":{"line":23,"column":45},"end":{"line":23,"column":47}}]}},"s":{"0":0,"1":0,"2":0,"3":0,"4":0,"5":0,"6":0,"7":0,"8":0,"9":0,"10":0,"11":0,"12":0},"f":{"0":0,"1":0},"b":{"0":[0,0]}}
,"C:\\Users\\ardi1\\OneDrive\\Desktop\\Project\\delos-aqua-frontend\\src\\components\\fragments\\Hero\\index.tsx": {"path":"C:\\Users\\ardi1\\OneDrive\\Desktop\\Project\\delos-aqua-frontend\\src\\components\\fragments\\Hero\\index.tsx","statementMap":{"0":{"start":{"line":2,"column":0},"end":{"line":2,"column":36}},"1":{"start":{"line":3,"column":0},"end":{"line":3,"column":44}},"2":{"start":{"line":4,"column":0},"end":{"line":4,"column":38}},"3":{"start":{"line":5,"column":0},"end":{"line":5,"column":38}},"4":{"start":{"line":7,"column":23},"end":{"line":15,"column":1}},"5":{"start":{"line":8,"column":2},"end":{"line":14,"column":4}},"6":{"start":{"line":17,"column":0},"end":{"line":17,"column":20}}},"fnMap":{"0":{"name":"(anonymous_0)","decl":{"start":{"line":7,"column":23},"end":{"line":7,"column":26}},"loc":{"start":{"line":7,"column":28},"end":{"line":15,"column":1}}}},"branchMap":{},"s":{"0":0,"1":0,"2":0,"3":0,"4":0,"5":0,"6":0},"f":{"0":0},"b":{}}
,"C:\\Users\\ardi1\\OneDrive\\Desktop\\Project\\delos-aqua-frontend\\src\\components\\fragments\\Hero\\styles\\hero.ts": {"path":"C:\\Users\\ardi1\\OneDrive\\Desktop\\Project\\delos-aqua-frontend\\src\\components\\fragments\\Hero\\styles\\hero.ts","statementMap":{"0":{"start":{"line":1,"column":0},"end":{"line":1,"column":39}},"1":{"start":{"line":2,"column":0},"end":{"line":2,"column":36}},"2":{"start":{"line":4,"column":13},"end":{"line":18,"column":2}}},"fnMap":{},"branchMap":{},"s":{"0":0,"1":0,"2":0},"f":{},"b":{}}
,"C:\\Users\\ardi1\\OneDrive\\Desktop\\Project\\delos-aqua-frontend\\src\\components\\fragments\\Hero\\styles\\heroTitle.ts": {"path":"C:\\Users\\ardi1\\OneDrive\\Desktop\\Project\\delos-aqua-frontend\\src\\components\\fragments\\Hero\\styles\\heroTitle.ts","statementMap":{"0":{"start":{"line":1,"column":0},"end":{"line":1,"column":39}},"1":{"start":{"line":2,"column":0},"end":{"line":2,"column":36}},"2":{"start":{"line":4,"column":13},"end":{"line":13,"column":2}}},"fnMap":{},"branchMap":{},"s":{"0":0,"1":0,"2":0},"f":{},"b":{}}
,"C:\\Users\\ardi1\\OneDrive\\Desktop\\Project\\delos-aqua-frontend\\src\\components\\fragments\\Hero\\styles\\index.ts": {"path":"C:\\Users\\ardi1\\OneDrive\\Desktop\\Project\\delos-aqua-frontend\\src\\components\\fragments\\Hero\\styles\\index.ts","statementMap":{"0":{"start":{"line":1,"column":0},"end":{"line":1,"column":9}},"1":{"start":{"line":5,"column":9},"end":{"line":1,"column":46}},"2":{"start":{"line":2,"column":0},"end":{"line":2,"column":9}},"3":{"start":{"line":5,"column":26},"end":{"line":2,"column":54}},"4":{"start":{"line":3,"column":0},"end":{"line":3,"column":9}},"5":{"start":{"line":5,"column":47},"end":{"line":3,"column":36}}},"fnMap":{"0":{"name":"(anonymous_0)","decl":{"start":{"line":5,"column":9},"end":{"line":5,"column":24}},"loc":{"start":{"line":5,"column":9},"end":{"line":1,"column":46}}},"1":{"name":"(anonymous_1)","decl":{"start":{"line":5,"column":26},"end":{"line":5,"column":45}},"loc":{"start":{"line":5,"column":26},"end":{"line":2,"column":54}}},"2":{"name":"(anonymous_2)","decl":{"start":{"line":5,"column":47},"end":{"line":5,"column":57}},"loc":{"start":{"line":5,"column":47},"end":{"line":3,"column":36}}}},"branchMap":{},"s":{"0":0,"1":0,"2":0,"3":0,"4":0,"5":0},"f":{"0":0,"1":0,"2":0},"b":{}}
,"C:\\Users\\ardi1\\OneDrive\\Desktop\\Project\\delos-aqua-frontend\\src\\components\\fragments\\Hero\\styles\\searchArticle.ts": {"path":"C:\\Users\\ardi1\\OneDrive\\Desktop\\Project\\delos-aqua-frontend\\src\\components\\fragments\\Hero\\styles\\searchArticle.ts","statementMap":{"0":{"start":{"line":1,"column":0},"end":{"line":1,"column":39}},"1":{"start":{"line":2,"column":0},"end":{"line":2,"column":44}},"2":{"start":{"line":4,"column":13},"end":{"line":17,"column":2}}},"fnMap":{},"branchMap":{},"s":{"0":0,"1":0,"2":0},"f":{},"b":{}}
,"C:\\Users\\ardi1\\OneDrive\\Desktop\\Project\\delos-aqua-frontend\\src\\components\\fragments\\LuckyCoin\\ButtonBuyTicket.tsx": {"path":"C:\\Users\\ardi1\\OneDrive\\Desktop\\Project\\delos-aqua-frontend\\src\\components\\fragments\\LuckyCoin\\ButtonBuyTicket.tsx","statementMap":{"0":{"start":{"line":1,"column":0},"end":{"line":1,"column":55}},"1":{"start":{"line":2,"column":0},"end":{"line":2,"column":49}},"2":{"start":{"line":3,"column":0},"end":{"line":3,"column":42}},"3":{"start":{"line":4,"column":0},"end":{"line":4,"column":38}},"4":{"start":{"line":6,"column":29},"end":{"line":6,"column":34}},"5":{"start":{"line":7,"column":31},"end":{"line":7,"column":32}},"6":{"start":{"line":9,"column":34},"end":{"line":33,"column":1}},"7":{"start":{"line":10,"column":38},"end":{"line":10,"column":61}},"8":{"start":{"line":12,"column":29},"end":{"line":26,"column":31}},"9":{"start":{"line":13,"column":4},"end":{"line":24,"column":5}},"10":{"start":{"line":14,"column":6},"end":{"line":14,"column":59}},"11":{"start":{"line":15,"column":6},"end":{"line":22,"column":10}},"12":{"start":{"line":15,"column":30},"end":{"line":22,"column":8}},"13":{"start":{"line":23,"column":6},"end":{"line":23,"column":13}},"14":{"start":{"line":25,"column":4},"end":{"line":25,"column":30}},"15":{"start":{"line":28,"column":2},"end":{"line":32,"column":4}},"16":{"start":{"line":35,"column":0},"end":{"line":35,"column":31}}},"fnMap":{"0":{"name":"(anonymous_0)","decl":{"start":{"line":9,"column":34},"end":{"line":9,"column":37}},"loc":{"start":{"line":9,"column":39},"end":{"line":33,"column":1}}},"1":{"name":"(anonymous_1)","decl":{"start":{"line":12,"column":41},"end":{"line":12,"column":44}},"loc":{"start":{"line":12,"column":46},"end":{"line":26,"column":3}}},"2":{"name":"(anonymous_2)","decl":{"start":{"line":15,"column":19},"end":{"line":15,"column":20}},"loc":{"start":{"line":15,"column":30},"end":{"line":22,"column":8}}}},"branchMap":{"0":{"loc":{"start":{"line":13,"column":4},"end":{"line":24,"column":5}},"type":"if","locations":[{"start":{"line":13,"column":4},"end":{"line":24,"column":5}}]}},"s":{"0":0,"1":0,"2":0,"3":0,"4":0,"5":0,"6":0,"7":0,"8":0,"9":0,"10":0,"11":0,"12":0,"13":0,"14":0,"15":0,"16":0},"f":{"0":0,"1":0,"2":0},"b":{"0":[0]}}
,"C:\\Users\\ardi1\\OneDrive\\Desktop\\Project\\delos-aqua-frontend\\src\\components\\fragments\\LuckyCoin\\ButtonLuckyDraw.tsx": {"path":"C:\\Users\\ardi1\\OneDrive\\Desktop\\Project\\delos-aqua-frontend\\src\\components\\fragments\\LuckyCoin\\ButtonLuckyDraw.tsx","statementMap":{"0":{"start":{"line":1,"column":0},"end":{"line":1,"column":76}},"1":{"start":{"line":2,"column":0},"end":{"line":2,"column":63}},"2":{"start":{"line":3,"column":0},"end":{"line":3,"column":44}},"3":{"start":{"line":4,"column":0},"end":{"line":4,"column":39}},"4":{"start":{"line":5,"column":0},"end":{"line":5,"column":42}},"5":{"start":{"line":7,"column":0},"end":{"line":7,"column":38}},"6":{"start":{"line":9,"column":34},"end":{"line":79,"column":1}},"7":{"start":{"line":10,"column":38},"end":{"line":10,"column":61}},"8":{"start":{"line":11,"column":44},"end":{"line":12,"column":null}},"9":{"start":{"line":14,"column":32},"end":{"line":14,"column":56}},"10":{"start":{"line":16,"column":2},"end":{"line":24,"column":16}},"11":{"start":{"line":17,"column":4},"end":{"line":23,"column":5}},"12":{"start":{"line":18,"column":25},"end":{"line":20,"column":13}},"13":{"start":{"line":19,"column":8},"end":{"line":19,"column":26}},"14":{"start":{"line":22,"column":6},"end":{"line":22,"column":44}},"15":{"start":{"line":22,"column":19},"end":{"line":22,"column":43}},"16":{"start":{"line":26,"column":29},"end":{"line":57,"column":31}},"17":{"start":{"line":27,"column":4},"end":{"line":54,"column":5}},"18":{"start":{"line":28,"column":24},"end":{"line":28,"column":47}},"19":{"start":{"line":29,"column":6},"end":{"line":29,"column":23}},"20":{"start":{"line":30,"column":6},"end":{"line":30,"column":34}},"21":{"start":{"line":32,"column":24},"end":{"line":35,"column":8}},"22":{"start":{"line":38,"column":8},"end":{"line":40,"column":27}},"23":{"start":{"line":42,"column":6},"end":{"line":50,"column":10}},"24":{"start":{"line":42,"column":30},"end":{"line":50,"column":8}},"25":{"start":{"line":51,"column":6},"end":{"line":51,"column":38}},"26":{"start":{"line":53,"column":6},"end":{"line":53,"column":13}},"27":{"start":{"line":56,"column":4},"end":{"line":56,"column":39}},"28":{"start":{"line":59,"column":2},"end":{"line":78,"column":4}},"29":{"start":{"line":81,"column":0},"end":{"line":81,"column":31}}},"fnMap":{"0":{"name":"(anonymous_0)","decl":{"start":{"line":9,"column":34},"end":{"line":9,"column":37}},"loc":{"start":{"line":9,"column":39},"end":{"line":79,"column":1}}},"1":{"name":"(anonymous_1)","decl":{"start":{"line":16,"column":12},"end":{"line":16,"column":15}},"loc":{"start":{"line":16,"column":17},"end":{"line":24,"column":3}}},"2":{"name":"(anonymous_2)","decl":{"start":{"line":18,"column":36},"end":{"line":18,"column":39}},"loc":{"start":{"line":18,"column":41},"end":{"line":20,"column":7}}},"3":{"name":"(anonymous_3)","decl":{"start":{"line":22,"column":13},"end":{"line":22,"column":16}},"loc":{"start":{"line":22,"column":19},"end":{"line":22,"column":43}}},"4":{"name":"(anonymous_4)","decl":{"start":{"line":26,"column":41},"end":{"line":26,"column":44}},"loc":{"start":{"line":26,"column":46},"end":{"line":57,"column":3}}},"5":{"name":"(anonymous_5)","decl":{"start":{"line":42,"column":19},"end":{"line":42,"column":20}},"loc":{"start":{"line":42,"column":30},"end":{"line":50,"column":8}}}},"branchMap":{"0":{"loc":{"start":{"line":17,"column":4},"end":{"line":23,"column":5}},"type":"if","locations":[{"start":{"line":17,"column":4},"end":{"line":23,"column":5}}]},"1":{"loc":{"start":{"line":27,"column":4},"end":{"line":54,"column":5}},"type":"if","locations":[{"start":{"line":27,"column":4},"end":{"line":54,"column":5}}]},"2":{"loc":{"start":{"line":38,"column":8},"end":{"line":40,"column":27}},"type":"cond-expr","locations":[{"start":{"line":39,"column":12},"end":{"line":39,"column":45}},{"start":{"line":40,"column":12},"end":{"line":40,"column":27}}]},"3":{"loc":{"start":{"line":38,"column":8},"end":{"line":38,"column":64}},"type":"binary-expr","locations":[{"start":{"line":38,"column":8},"end":{"line":38,"column":25}},{"start":{"line":38,"column":29},"end":{"line":38,"column":64}}]},"4":{"loc":{"start":{"line":61,"column":7},"end":{"line":72,"column":null}},"type":"cond-expr","locations":[{"start":{"line":62,"column":8},"end":{"line":62,"column":28}},{"start":{"line":63,"column":10},"end":{"line":72,"column":null}}]},"5":{"loc":{"start":{"line":63,"column":10},"end":{"line":72,"column":null}},"type":"cond-expr","locations":[{"start":{"line":64,"column":8},"end":{"line":67,"column":null}},{"start":{"line":70,"column":8},"end":{"line":71,"column":null}}]}},"s":{"0":0,"1":0,"2":0,"3":0,"4":0,"5":0,"6":0,"7":0,"8":0,"9":0,"10":0,"11":0,"12":0,"13":0,"14":0,"15":0,"16":0,"17":0,"18":0,"19":0,"20":0,"21":0,"22":0,"23":0,"24":0,"25":0,"26":0,"27":0,"28":0,"29":0},"f":{"0":0,"1":0,"2":0,"3":0,"4":0,"5":0},"b":{"0":[0],"1":[0],"2":[0,0],"3":[0,0],"4":[0,0],"5":[0,0]}}
,"C:\\Users\\ardi1\\OneDrive\\Desktop\\Project\\delos-aqua-frontend\\src\\components\\fragments\\LuckyCoin\\index.tsx": {"path":"C:\\Users\\ardi1\\OneDrive\\Desktop\\Project\\delos-aqua-frontend\\src\\components\\fragments\\LuckyCoin\\index.tsx","statementMap":{"0":{"start":{"line":1,"column":0},"end":{"line":1,"column":42}},"1":{"start":{"line":2,"column":0},"end":{"line":2,"column":50}},"2":{"start":{"line":3,"column":0},"end":{"line":3,"column":43}},"3":{"start":{"line":4,"column":0},"end":{"line":4,"column":48}},"4":{"start":{"line":5,"column":0},"end":{"line":5,"column":42}},"5":{"start":{"line":6,"column":0},"end":{"line":6,"column":48}},"6":{"start":{"line":8,"column":28},"end":{"line":29,"column":1}},"7":{"start":{"line":9,"column":24},"end":{"line":9,"column":47}},"8":{"start":{"line":11,"column":2},"end":{"line":28,"column":4}},"9":{"start":{"line":31,"column":0},"end":{"line":31,"column":25}}},"fnMap":{"0":{"name":"(anonymous_0)","decl":{"start":{"line":8,"column":28},"end":{"line":8,"column":31}},"loc":{"start":{"line":8,"column":33},"end":{"line":29,"column":1}}}},"branchMap":{},"s":{"0":0,"1":0,"2":0,"3":0,"4":0,"5":0,"6":0,"7":0,"8":0,"9":0},"f":{"0":0},"b":{}}
,"C:\\Users\\ardi1\\OneDrive\\Desktop\\Project\\delos-aqua-frontend\\src\\components\\fragments\\LuckyCoin\\styles\\buttonBuyTicket.ts": {"path":"C:\\Users\\ardi1\\OneDrive\\Desktop\\Project\\delos-aqua-frontend\\src\\components\\fragments\\LuckyCoin\\styles\\buttonBuyTicket.ts","statementMap":{"0":{"start":{"line":1,"column":0},"end":{"line":1,"column":39}},"1":{"start":{"line":2,"column":0},"end":{"line":2,"column":44}},"2":{"start":{"line":3,"column":0},"end":{"line":3,"column":44}},"3":{"start":{"line":5,"column":13},"end":{"line":20,"column":2}}},"fnMap":{},"branchMap":{},"s":{"0":0,"1":0,"2":0,"3":0},"f":{},"b":{}}
,"C:\\Users\\ardi1\\OneDrive\\Desktop\\Project\\delos-aqua-frontend\\src\\components\\fragments\\LuckyCoin\\styles\\buttonLuckyDraw.ts": {"path":"C:\\Users\\ardi1\\OneDrive\\Desktop\\Project\\delos-aqua-frontend\\src\\components\\fragments\\LuckyCoin\\styles\\buttonLuckyDraw.ts","statementMap":{"0":{"start":{"line":1,"column":0},"end":{"line":1,"column":39}},"1":{"start":{"line":2,"column":0},"end":{"line":2,"column":44}},"2":{"start":{"line":3,"column":0},"end":{"line":3,"column":58}},"3":{"start":{"line":5,"column":13},"end":{"line":12,"column":2}},"4":{"start":{"line":14,"column":13},"end":{"line":26,"column":2}}},"fnMap":{},"branchMap":{},"s":{"0":0,"1":0,"2":0,"3":0,"4":0},"f":{},"b":{}}
,"C:\\Users\\ardi1\\OneDrive\\Desktop\\Project\\delos-aqua-frontend\\src\\components\\fragments\\LuckyCoin\\styles\\index.ts": {"path":"C:\\Users\\ardi1\\OneDrive\\Desktop\\Project\\delos-aqua-frontend\\src\\components\\fragments\\LuckyCoin\\styles\\index.ts","statementMap":{"0":{"start":{"line":1,"column":0},"end":{"line":1,"column":47}},"1":{"start":{"line":6,"column":2},"end":{"line":6,"column":17}},"2":{"start":{"line":2,"column":0},"end":{"line":2,"column":9}},"3":{"start":{"line":7,"column":2},"end":{"line":2,"column":58}},"4":{"start":{"line":3,"column":0},"end":{"line":3,"column":9}},"5":{"start":{"line":8,"column":2},"end":{"line":3,"column":32}},"6":{"start":{"line":9,"column":2},"end":{"line":3,"column":72}}},"fnMap":{"0":{"name":"(anonymous_0)","decl":{"start":{"line":7,"column":2},"end":{"line":7,"column":23}},"loc":{"start":{"line":7,"column":2},"end":{"line":2,"column":58}}},"1":{"name":"(anonymous_1)","decl":{"start":{"line":8,"column":2},"end":{"line":8,"column":23}},"loc":{"start":{"line":8,"column":2},"end":{"line":3,"column":32}}},"2":{"name":"(anonymous_2)","decl":{"start":{"line":9,"column":2},"end":{"line":9,"column":14}},"loc":{"start":{"line":9,"column":2},"end":{"line":3,"column":72}}}},"branchMap":{},"s":{"0":0,"1":0,"2":0,"3":0,"4":0,"5":0,"6":0},"f":{"0":0,"1":0,"2":0},"b":{}}
,"C:\\Users\\ardi1\\OneDrive\\Desktop\\Project\\delos-aqua-frontend\\src\\components\\fragments\\LuckyCoin\\styles\\luckyCoin.ts": {"path":"C:\\Users\\ardi1\\OneDrive\\Desktop\\Project\\delos-aqua-frontend\\src\\components\\fragments\\LuckyCoin\\styles\\luckyCoin.ts","statementMap":{"0":{"start":{"line":1,"column":0},"end":{"line":1,"column":39}},"1":{"start":{"line":2,"column":0},"end":{"line":2,"column":36}},"2":{"start":{"line":4,"column":13},"end":{"line":22,"column":2}},"3":{"start":{"line":24,"column":13},"end":{"line":54,"column":2}}},"fnMap":{},"branchMap":{},"s":{"0":0,"1":0,"2":0,"3":0},"f":{},"b":{}}
,"C:\\Users\\ardi1\\OneDrive\\Desktop\\Project\\delos-aqua-frontend\\src\\components\\fragments\\Navbar\\NavBrand.tsx": {"path":"C:\\Users\\ardi1\\OneDrive\\Desktop\\Project\\delos-aqua-frontend\\src\\components\\fragments\\Navbar\\NavBrand.tsx","statementMap":{"0":{"start":{"line":2,"column":0},"end":{"line":2,"column":42}},"1":{"start":{"line":4,"column":27},"end":{"line":10,"column":1}},"2":{"start":{"line":5,"column":2},"end":{"line":9,"column":4}},"3":{"start":{"line":12,"column":0},"end":{"line":12,"column":24}}},"fnMap":{"0":{"name":"(anonymous_0)","decl":{"start":{"line":4,"column":27},"end":{"line":4,"column":30}},"loc":{"start":{"line":4,"column":32},"end":{"line":10,"column":1}}}},"branchMap":{},"s":{"0":0,"1":0,"2":0,"3":0},"f":{"0":0},"b":{}}
,"C:\\Users\\ardi1\\OneDrive\\Desktop\\Project\\delos-aqua-frontend\\src\\components\\fragments\\Navbar\\NavMenu.tsx": {"path":"C:\\Users\\ardi1\\OneDrive\\Desktop\\Project\\delos-aqua-frontend\\src\\components\\fragments\\Navbar\\NavMenu.tsx","statementMap":{"0":{"start":{"line":1,"column":0},"end":{"line":1,"column":42}},"1":{"start":{"line":2,"column":0},"end":{"line":2,"column":54}},"2":{"start":{"line":3,"column":0},"end":{"line":3,"column":40}},"3":{"start":{"line":4,"column":0},"end":{"line":4,"column":42}},"4":{"start":{"line":5,"column":0},"end":{"line":5,"column":41}},"5":{"start":{"line":7,"column":26},"end":{"line":30,"column":1}},"6":{"start":{"line":8,"column":24},"end":{"line":8,"column":47}},"7":{"start":{"line":10,"column":30},"end":{"line":10,"column":60}},"8":{"start":{"line":11,"column":26},"end":{"line":13,"column":3}},"9":{"start":{"line":12,"column":4},"end":{"line":12,"column":31}},"10":{"start":{"line":12,"column":24},"end":{"line":12,"column":29}},"11":{"start":{"line":15,"column":2},"end":{"line":29,"column":4}},"12":{"start":{"line":32,"column":0},"end":{"line":32,"column":23}}},"fnMap":{"0":{"name":"(anonymous_0)","decl":{"start":{"line":7,"column":26},"end":{"line":7,"column":29}},"loc":{"start":{"line":7,"column":31},"end":{"line":30,"column":1}}},"1":{"name":"(anonymous_1)","decl":{"start":{"line":11,"column":26},"end":{"line":11,"column":29}},"loc":{"start":{"line":11,"column":31},"end":{"line":13,"column":3}}},"2":{"name":"(anonymous_2)","decl":{"start":{"line":12,"column":14},"end":{"line":12,"column":15}},"loc":{"start":{"line":12,"column":24},"end":{"line":12,"column":29}}}},"branchMap":{"0":{"loc":{"start":{"line":26,"column":9},"end":{"line":26,"column":54}},"type":"cond-expr","locations":[{"start":{"line":26,"column":18},"end":{"line":26,"column":33}},{"start":{"line":26,"column":36},"end":{"line":26,"column":54}}]}},"s":{"0":0,"1":0,"2":0,"3":0,"4":0,"5":0,"6":0,"7":0,"8":0,"9":0,"10":0,"11":0,"12":0},"f":{"0":0,"1":0,"2":0},"b":{"0":[0,0]}}
,"C:\\Users\\ardi1\\OneDrive\\Desktop\\Project\\delos-aqua-frontend\\src\\components\\fragments\\Navbar\\index.tsx": {"path":"C:\\Users\\ardi1\\OneDrive\\Desktop\\Project\\delos-aqua-frontend\\src\\components\\fragments\\Navbar\\index.tsx","statementMap":{"0":{"start":{"line":2,"column":0},"end":{"line":2,"column":34}},"1":{"start":{"line":3,"column":0},"end":{"line":3,"column":32}},"2":{"start":{"line":4,"column":0},"end":{"line":4,"column":50}},"3":{"start":{"line":5,"column":0},"end":{"line":5,"column":37}},"4":{"start":{"line":7,"column":25},"end":{"line":18,"column":1}},"5":{"start":{"line":8,"column":2},"end":{"line":17,"column":4}},"6":{"start":{"line":20,"column":0},"end":{"line":20,"column":22}}},"fnMap":{"0":{"name":"(anonymous_0)","decl":{"start":{"line":7,"column":25},"end":{"line":7,"column":28}},"loc":{"start":{"line":7,"column":30},"end":{"line":18,"column":1}}}},"branchMap":{},"s":{"0":0,"1":0,"2":0,"3":0,"4":0,"5":0,"6":0},"f":{"0":0},"b":{}}
,"C:\\Users\\ardi1\\OneDrive\\Desktop\\Project\\delos-aqua-frontend\\src\\components\\fragments\\Navbar\\styles\\index.ts": {"path":"C:\\Users\\ardi1\\OneDrive\\Desktop\\Project\\delos-aqua-frontend\\src\\components\\fragments\\Navbar\\styles\\index.ts","statementMap":{"0":{"start":{"line":1,"column":0},"end":{"line":1,"column":43}},"1":{"start":{"line":5,"column":9},"end":{"line":5,"column":22}},"2":{"start":{"line":2,"column":0},"end":{"line":2,"column":9}},"3":{"start":{"line":5,"column":24},"end":{"line":2,"column":44}},"4":{"start":{"line":3,"column":0},"end":{"line":3,"column":9}},"5":{"start":{"line":5,"column":40},"end":{"line":3,"column":34}}},"fnMap":{"0":{"name":"(anonymous_0)","decl":{"start":{"line":5,"column":24},"end":{"line":5,"column":38}},"loc":{"start":{"line":5,"column":24},"end":{"line":2,"column":44}}},"1":{"name":"(anonymous_1)","decl":{"start":{"line":5,"column":40},"end":{"line":5,"column":49}},"loc":{"start":{"line":5,"column":40},"end":{"line":3,"column":34}}}},"branchMap":{},"s":{"0":0,"1":0,"2":0,"3":0,"4":0,"5":0},"f":{"0":0,"1":0},"b":{}}
,"C:\\Users\\ardi1\\OneDrive\\Desktop\\Project\\delos-aqua-frontend\\src\\components\\fragments\\Navbar\\styles\\nav.ts": {"path":"C:\\Users\\ardi1\\OneDrive\\Desktop\\Project\\delos-aqua-frontend\\src\\components\\fragments\\Navbar\\styles\\nav.ts","statementMap":{"0":{"start":{"line":1,"column":0},"end":{"line":1,"column":39}},"1":{"start":{"line":2,"column":0},"end":{"line":2,"column":36}},"2":{"start":{"line":4,"column":13},"end":{"line":9,"column":2}}},"fnMap":{},"branchMap":{},"s":{"0":0,"1":0,"2":0},"f":{},"b":{}}
,"C:\\Users\\ardi1\\OneDrive\\Desktop\\Project\\delos-aqua-frontend\\src\\components\\fragments\\Navbar\\styles\\navBrand.ts": {"path":"C:\\Users\\ardi1\\OneDrive\\Desktop\\Project\\delos-aqua-frontend\\src\\components\\fragments\\Navbar\\styles\\navBrand.ts","statementMap":{"0":{"start":{"line":1,"column":0},"end":{"line":1,"column":40}},"1":{"start":{"line":2,"column":0},"end":{"line":2,"column":39}},"2":{"start":{"line":3,"column":0},"end":{"line":3,"column":51}},"3":{"start":{"line":5,"column":13},"end":{"line":14,"column":2}}},"fnMap":{},"branchMap":{},"s":{"0":0,"1":0,"2":0,"3":0},"f":{},"b":{}}
,"C:\\Users\\ardi1\\OneDrive\\Desktop\\Project\\delos-aqua-frontend\\src\\components\\fragments\\Navbar\\styles\\navMenu.ts": {"path":"C:\\Users\\ardi1\\OneDrive\\Desktop\\Project\\delos-aqua-frontend\\src\\components\\fragments\\Navbar\\styles\\navMenu.ts","statementMap":{"0":{"start":{"line":1,"column":0},"end":{"line":1,"column":39}},"1":{"start":{"line":2,"column":0},"end":{"line":2,"column":44}},"2":{"start":{"line":3,"column":0},"end":{"line":3,"column":44}},"3":{"start":{"line":5,"column":13},"end":{"line":38,"column":2}},"4":{"start":{"line":13,"column":25},"end":{"line":13,"column":52}},"5":{"start":{"line":27,"column":26},"end":{"line":27,"column":53}},"6":{"start":{"line":34,"column":29},"end":{"line":34,"column":50}},"7":{"start":{"line":40,"column":13},"end":{"line":47,"column":2}},"8":{"start":{"line":49,"column":13},"end":{"line":55,"column":2}}},"fnMap":{"0":{"name":"(anonymous_0)","decl":{"start":{"line":13,"column":13},"end":{"line":13,"column":14}},"loc":{"start":{"line":13,"column":25},"end":{"line":13,"column":52}}},"1":{"name":"(anonymous_1)","decl":{"start":{"line":27,"column":14},"end":{"line":27,"column":15}},"loc":{"start":{"line":27,"column":26},"end":{"line":27,"column":53}}},"2":{"name":"(anonymous_2)","decl":{"start":{"line":34,"column":17},"end":{"line":34,"column":18}},"loc":{"start":{"line":34,"column":29},"end":{"line":34,"column":50}}}},"branchMap":{"0":{"loc":{"start":{"line":13,"column":25},"end":{"line":13,"column":52}},"type":"cond-expr","locations":[{"start":{"line":13,"column":41},"end":{"line":13,"column":42}},{"start":{"line":13,"column":45},"end":{"line":13,"column":52}}]},"1":{"loc":{"start":{"line":27,"column":26},"end":{"line":27,"column":53}},"type":"cond-expr","locations":[{"start":{"line":27,"column":42},"end":{"line":27,"column":43}},{"start":{"line":27,"column":46},"end":{"line":27,"column":53}}]},"2":{"loc":{"start":{"line":34,"column":29},"end":{"line":34,"column":50}},"type":"cond-expr","locations":[{"start":{"line":34,"column":45},"end":{"line":34,"column":46}},{"start":{"line":34,"column":49},"end":{"line":34,"column":50}}]}},"s":{"0":0,"1":0,"2":0,"3":0,"4":0,"5":0,"6":0,"7":0,"8":0},"f":{"0":0,"1":0,"2":0},"b":{"0":[0,0],"1":[0,0],"2":[0,0]}}
,"C:\\Users\\ardi1\\OneDrive\\Desktop\\Project\\delos-aqua-frontend\\src\\components\\layouts\\Main.tsx": {"path":"C:\\Users\\ardi1\\OneDrive\\Desktop\\Project\\delos-aqua-frontend\\src\\components\\layouts\\Main.tsx","statementMap":{"0":{"start":{"line":1,"column":0},"end":{"line":1,"column":60}},"1":{"start":{"line":2,"column":0},"end":{"line":2,"column":51}},"2":{"start":{"line":3,"column":0},"end":{"line":3,"column":42}},"3":{"start":{"line":4,"column":0},"end":{"line":4,"column":42}},"4":{"start":{"line":6,"column":0},"end":{"line":6,"column":38}},"5":{"start":{"line":9,"column":29},"end":{"line":35,"column":1}},"6":{"start":{"line":10,"column":36},"end":{"line":19,"column":4}},"7":{"start":{"line":21,"column":16},"end":{"line":21,"column":73}},"8":{"start":{"line":21,"column":31},"end":{"line":21,"column":58}},"9":{"start":{"line":23,"column":2},"end":{"line":27,"column":9}},"10":{"start":{"line":25,"column":6},"end":{"line":25,"column":33}},"11":{"start":{"line":26,"column":4},"end":{"line":26,"column":33}},"12":{"start":{"line":29,"column":2},"end":{"line":34,"column":4}},"13":{"start":{"line":37,"column":0},"end":{"line":37,"column":26}}},"fnMap":{"0":{"name":"(anonymous_0)","decl":{"start":{"line":9,"column":29},"end":{"line":9,"column":32}},"loc":{"start":{"line":9,"column":34},"end":{"line":35,"column":1}}},"1":{"name":"(anonymous_1)","decl":{"start":{"line":21,"column":24},"end":{"line":21,"column":27}},"loc":{"start":{"line":21,"column":31},"end":{"line":21,"column":58}}},"2":{"name":"(anonymous_2)","decl":{"start":{"line":23,"column":12},"end":{"line":23,"column":15}},"loc":{"start":{"line":23,"column":17},"end":{"line":27,"column":3}}}},"branchMap":{},"s":{"0":0,"1":0,"2":0,"3":0,"4":0,"5":0,"6":0,"7":0,"8":0,"9":0,"10":0,"11":0,"12":0,"13":0},"f":{"0":0,"1":0,"2":0},"b":{}}
,"C:\\Users\\ardi1\\OneDrive\\Desktop\\Project\\delos-aqua-frontend\\src\\components\\ui\\Badge.tsx": {"path":"C:\\Users\\ardi1\\OneDrive\\Desktop\\Project\\delos-aqua-frontend\\src\\components\\ui\\Badge.tsx","statementMap":{"0":{"start":{"line":2,"column":0},"end":{"line":2,"column":39}},"1":{"start":{"line":3,"column":0},"end":{"line":3,"column":44}},"2":{"start":{"line":5,"column":20},"end":{"line":19,"column":2}},"3":{"start":{"line":23,"column":32},"end":{"line":25,"column":1}},"4":{"start":{"line":24,"column":2},"end":{"line":24,"column":58}},"5":{"start":{"line":27,"column":0},"end":{"line":27,"column":21}}},"fnMap":{"0":{"name":"(anonymous_0)","decl":{"start":{"line":23,"column":32},"end":{"line":23,"column":33}},"loc":{"start":{"line":23,"column":59},"end":{"line":25,"column":1}}}},"branchMap":{},"s":{"0":1,"1":1,"2":1,"3":1,"4":1,"5":1},"f":{"0":1},"b":{}}
,"C:\\Users\\ardi1\\OneDrive\\Desktop\\Project\\delos-aqua-frontend\\src\\components\\ui\\Button.tsx": {"path":"C:\\Users\\ardi1\\OneDrive\\Desktop\\Project\\delos-aqua-frontend\\src\\components\\ui\\Button.tsx","statementMap":{"0":{"start":{"line":2,"column":0},"end":{"line":2,"column":39}},"1":{"start":{"line":3,"column":0},"end":{"line":3,"column":44}},"2":{"start":{"line":7,"column":21},"end":{"line":26,"column":2}},"3":{"start":{"line":9,"column":15},"end":{"line":11,"column":2}},"4":{"start":{"line":30,"column":34},"end":{"line":32,"column":1}},"5":{"start":{"line":31,"column":2},"end":{"line":31,"column":60}},"6":{"start":{"line":34,"column":0},"end":{"line":34,"column":22}}},"fnMap":{"0":{"name":"(anonymous_0)","decl":{"start":{"line":9,"column":3},"end":{"line":9,"column":4}},"loc":{"start":{"line":9,"column":15},"end":{"line":11,"column":2}}},"1":{"name":"(anonymous_1)","decl":{"start":{"line":30,"column":34},"end":{"line":30,"column":35}},"loc":{"start":{"line":30,"column":61},"end":{"line":32,"column":1}}}},"branchMap":{"0":{"loc":{"start":{"line":10,"column":8},"end":{"line":10,"column":31}},"type":"binary-expr","locations":[{"start":{"line":10,"column":8},"end":{"line":10,"column":19}},{"start":{"line":10,"column":23},"end":{"line":10,"column":31}}]}},"s":{"0":2,"1":2,"2":2,"3":17,"4":2,"5":17,"6":2},"f":{"0":17,"1":17},"b":{"0":[17,17]}}
,"C:\\Users\\ardi1\\OneDrive\\Desktop\\Project\\delos-aqua-frontend\\src\\components\\ui\\CTA.tsx": {"path":"C:\\Users\\ardi1\\OneDrive\\Desktop\\Project\\delos-aqua-frontend\\src\\components\\ui\\CTA.tsx","statementMap":{"0":{"start":{"line":2,"column":0},"end":{"line":2,"column":39}},"1":{"start":{"line":3,"column":0},"end":{"line":3,"column":44}},"2":{"start":{"line":4,"column":0},"end":{"line":4,"column":50}},"3":{"start":{"line":6,"column":18},"end":{"line":40,"column":2}},"4":{"start":{"line":44,"column":28},"end":{"line":50,"column":1}},"5":{"start":{"line":45,"column":2},"end":{"line":49,"column":4}},"6":{"start":{"line":52,"column":0},"end":{"line":52,"column":19}}},"fnMap":{"0":{"name":"(anonymous_0)","decl":{"start":{"line":44,"column":28},"end":{"line":44,"column":29}},"loc":{"start":{"line":44,"column":45},"end":{"line":50,"column":1}}}},"branchMap":{},"s":{"0":1,"1":1,"2":1,"3":1,"4":1,"5":1,"6":1},"f":{"0":1},"b":{}}
,"C:\\Users\\ardi1\\OneDrive\\Desktop\\Project\\delos-aqua-frontend\\src\\components\\ui\\Card.tsx": {"path":"C:\\Users\\ardi1\\OneDrive\\Desktop\\Project\\delos-aqua-frontend\\src\\components\\ui\\Card.tsx","statementMap":{"0":{"start":{"line":2,"column":0},"end":{"line":2,"column":39}},"1":{"start":{"line":3,"column":0},"end":{"line":3,"column":36}},"2":{"start":{"line":5,"column":19},"end":{"line":13,"column":2}},"3":{"start":{"line":17,"column":30},"end":{"line":19,"column":1}},"4":{"start":{"line":18,"column":2},"end":{"line":18,"column":56}},"5":{"start":{"line":21,"column":0},"end":{"line":21,"column":20}}},"fnMap":{"0":{"name":"(anonymous_0)","decl":{"start":{"line":17,"column":30},"end":{"line":17,"column":31}},"loc":{"start":{"line":17,"column":57},"end":{"line":19,"column":1}}}},"branchMap":{},"s":{"0":1,"1":1,"2":1,"3":1,"4":1,"5":1},"f":{"0":1},"b":{}}
,"C:\\Users\\ardi1\\OneDrive\\Desktop\\Project\\delos-aqua-frontend\\src\\components\\ui\\Container.tsx": {"path":"C:\\Users\\ardi1\\OneDrive\\Desktop\\Project\\delos-aqua-frontend\\src\\components\\ui\\Container.tsx","statementMap":{"0":{"start":{"line":1,"column":0},"end":{"line":1,"column":39}},"1":{"start":{"line":2,"column":0},"end":{"line":2,"column":40}},"2":{"start":{"line":5,"column":24},"end":{"line":19,"column":2}},"3":{"start":{"line":23,"column":40},"end":{"line":25,"column":1}},"4":{"start":{"line":24,"column":2},"end":{"line":24,"column":66}},"5":{"start":{"line":27,"column":0},"end":{"line":27,"column":25}}},"fnMap":{"0":{"name":"(anonymous_0)","decl":{"start":{"line":23,"column":40},"end":{"line":23,"column":41}},"loc":{"start":{"line":23,"column":67},"end":{"line":25,"column":1}}}},"branchMap":{},"s":{"0":1,"1":1,"2":1,"3":1,"4":1,"5":1},"f":{"0":1},"b":{}}
,"C:\\Users\\ardi1\\OneDrive\\Desktop\\Project\\delos-aqua-frontend\\src\\components\\ui\\Input.tsx": {"path":"C:\\Users\\ardi1\\OneDrive\\Desktop\\Project\\delos-aqua-frontend\\src\\components\\ui\\Input.tsx","statementMap":{"0":{"start":{"line":2,"column":0},"end":{"line":2,"column":39}},"1":{"start":{"line":3,"column":0},"end":{"line":3,"column":53}},"2":{"start":{"line":5,"column":20},"end":{"line":23,"column":2}},"3":{"start":{"line":6,"column":14},"end":{"line":8,"column":4}},"4":{"start":{"line":27,"column":32},"end":{"line":29,"column":1}},"5":{"start":{"line":28,"column":2},"end":{"line":28,"column":36}},"6":{"start":{"line":31,"column":0},"end":{"line":31,"column":21}}},"fnMap":{"0":{"name":"(anonymous_0)","decl":{"start":{"line":6,"column":2},"end":{"line":6,"column":3}},"loc":{"start":{"line":6,"column":14},"end":{"line":8,"column":4}}},"1":{"name":"(anonymous_1)","decl":{"start":{"line":27,"column":32},"end":{"line":27,"column":33}},"loc":{"start":{"line":27,"column":49},"end":{"line":29,"column":1}}}},"branchMap":{"0":{"loc":{"start":{"line":7,"column":10},"end":{"line":7,"column":31}},"type":"binary-expr","locations":[{"start":{"line":7,"column":10},"end":{"line":7,"column":21}},{"start":{"line":7,"column":25},"end":{"line":7,"column":31}}]}},"s":{"0":1,"1":1,"2":1,"3":1,"4":1,"5":1,"6":1},"f":{"0":1,"1":1},"b":{"0":[1,1]}}
,"C:\\Users\\ardi1\\OneDrive\\Desktop\\Project\\delos-aqua-frontend\\src\\components\\ui\\Link.tsx": {"path":"C:\\Users\\ardi1\\OneDrive\\Desktop\\Project\\delos-aqua-frontend\\src\\components\\ui\\Link.tsx","statementMap":{"0":{"start":{"line":1,"column":0},"end":{"line":1,"column":71}},"1":{"start":{"line":2,"column":0},"end":{"line":2,"column":39}},"2":{"start":{"line":3,"column":0},"end":{"line":3,"column":44}},"3":{"start":{"line":5,"column":18},"end":{"line":19,"column":2}},"4":{"start":{"line":23,"column":30},"end":{"line":29,"column":1}},"5":{"start":{"line":24,"column":2},"end":{"line":28,"column":4}},"6":{"start":{"line":31,"column":0},"end":{"line":31,"column":20}}},"fnMap":{"0":{"name":"(anonymous_0)","decl":{"start":{"line":23,"column":30},"end":{"line":23,"column":31}},"loc":{"start":{"line":23,"column":57},"end":{"line":29,"column":1}}}},"branchMap":{},"s":{"0":2,"1":2,"2":2,"3":2,"4":2,"5":1,"6":2},"f":{"0":1},"b":{}}
,"C:\\Users\\ardi1\\OneDrive\\Desktop\\Project\\delos-aqua-frontend\\src\\components\\ui\\Loader.tsx": {"path":"C:\\Users\\ardi1\\OneDrive\\Desktop\\Project\\delos-aqua-frontend\\src\\components\\ui\\Loader.tsx","statementMap":{"0":{"start":{"line":2,"column":0},"end":{"line":2,"column":47}},"1":{"start":{"line":3,"column":0},"end":{"line":3,"column":39}},"2":{"start":{"line":5,"column":21},"end":{"line":16,"column":2}},"3":{"start":{"line":18,"column":44},"end":{"line":24,"column":1}},"4":{"start":{"line":19,"column":2},"end":{"line":23,"column":4}},"5":{"start":{"line":26,"column":0},"end":{"line":26,"column":22}}},"fnMap":{"0":{"name":"(anonymous_0)","decl":{"start":{"line":18,"column":44},"end":{"line":18,"column":45}},"loc":{"start":{"line":18,"column":62},"end":{"line":24,"column":1}}}},"branchMap":{"0":{"loc":{"start":{"line":18,"column":47},"end":{"line":18,"column":56}},"type":"default-arg","locations":[{"start":{"line":18,"column":54},"end":{"line":18,"column":56}}]}},"s":{"0":1,"1":1,"2":1,"3":1,"4":1,"5":1},"f":{"0":1},"b":{"0":[1]}}
}
